c:\users\guner\documents\vısual studıo 2013\projects\opengl4\opengl4\debug\vc120.pdb
c:\users\guner\documents\vısual studıo 2013\projects\opengl4\opengl4\debug\vc120.ıdb
c:\users\guner\documents\vısual studıo 2013\projects\opengl4\opengl4\debug\camera.obj
c:\users\guner\documents\vısual studıo 2013\projects\opengl4\opengl4\debug\cube.obj
c:\users\guner\documents\vısual studıo 2013\projects\opengl4\opengl4\debug\dossıer.obj
c:\users\guner\documents\vısual studıo 2013\projects\opengl4\opengl4\debug\mylıb.obj
c:\users\guner\documents\vısual studıo 2013\projects\opengl4\opengl4\debug\plane.obj
c:\users\guner\documents\vısual studıo 2013\projects\opengl4\opengl4\debug\hello world.obj
c:\users\guner\documents\vısual studıo 2013\projects\opengl4\opengl4\debug\platform.obj
c:\users\guner\documents\vısual studıo 2013\projects\opengl4\opengl4\debug\render.obj
c:\users\guner\documents\vısual studıo 2013\projects\opengl4\opengl4\debug\prısım.obj
c:\users\guner\documents\vısual studıo 2013\projects\opengl4\opengl4\debug\vector3d.obj
c:\users\guner\documents\vısual studıo 2013\projects\opengl4\opengl4\debug\vertex.obj
c:\users\guner\documents\vısual studıo 2013\projects\opengl4\opengl4\debug\amaın.obj
c:\users\guner\documents\vısual studıo 2013\projects\opengl4\debug\opengl4.ılk
c:\users\guner\documents\vısual studıo 2013\projects\opengl4\debug\opengl4.exe
c:\users\guner\documents\vısual studıo 2013\projects\opengl4\debug\opengl4.pdb
c:\users\guner\documents\visual studio 2013\projects\opengl4\opengl4\debug\amain.obj
c:\users\guner\documents\visual studio 2013\projects\opengl4\opengl4\debug\camera.obj
c:\users\guner\documents\visual studio 2013\projects\opengl4\opengl4\debug\cube.obj
c:\users\guner\documents\visual studio 2013\projects\opengl4\opengl4\debug\dossier.obj
c:\users\guner\documents\visual studio 2013\projects\opengl4\opengl4\debug\hello world.obj
c:\users\guner\documents\visual studio 2013\projects\opengl4\opengl4\debug\mylib.obj
c:\users\guner\documents\visual studio 2013\projects\opengl4\opengl4\debug\plane.obj
c:\users\guner\documents\visual studio 2013\projects\opengl4\opengl4\debug\platform.obj
c:\users\guner\documents\visual studio 2013\projects\opengl4\opengl4\debug\prisim.obj
c:\users\guner\documents\visual studio 2013\projects\opengl4\opengl4\debug\render.obj
c:\users\guner\documents\visual studio 2013\projects\opengl4\opengl4\debug\vector3d.obj
c:\users\guner\documents\visual studio 2013\projects\opengl4\opengl4\debug\vertex.obj
c:\users\guner\documents\visual studio 2013\projects\opengl4\opengl4\debug\vc120.idb
c:\users\guner\documents\visual studio 2013\projects\opengl4\opengl4\debug\vc120.pdb
c:\users\guner\documents\visual studio 2013\projects\opengl4\debug\opengl4.pdb
c:\users\guner\documents\visual studio 2013\projects\opengl4\debug\opengl4.exe
c:\users\guner\documents\visual studio 2013\projects\opengl4\debug\opengl4.ilk
c:\users\guner\documents\visual studio 2013\projects\opengl4\opengl4\debug\opengl4.tlog\cl.command.1.tlog
c:\users\guner\documents\visual studio 2013\projects\opengl4\opengl4\debug\opengl4.tlog\cl.read.1.tlog
c:\users\guner\documents\visual studio 2013\projects\opengl4\opengl4\debug\opengl4.tlog\cl.write.1.tlog
c:\users\guner\documents\visual studio 2013\projects\opengl4\opengl4\debug\opengl4.tlog\link.command.1.tlog
c:\users\guner\documents\visual studio 2013\projects\opengl4\opengl4\debug\opengl4.tlog\link.read.1.tlog
c:\users\guner\documents\visual studio 2013\projects\opengl4\opengl4\debug\opengl4.tlog\link.write.1.tlog
